  Application.cpp
C:\Users\teoru\source\repos\GraphicSimplePainter\GraphicSimplePainter\Application.cpp(115,10): warning C4101: m_report: неиспользованная локальная переменная
C:\Users\teoru\source\repos\GraphicSimplePainter\GraphicSimplePainter\Application.cpp(150,10): warning C4101: m_report: неиспользованная локальная переменная
C:\Users\teoru\source\repos\GraphicSimplePainter\GraphicSimplePainter\Application.cpp(294,14): warning C4244: инициализация: преобразование "LONG" в "WORD", возможна потеря данных
C:\Users\teoru\source\repos\GraphicSimplePainter\GraphicSimplePainter\Application.cpp(295,15): warning C4244: инициализация: преобразование "LONG" в "WORD", возможна потеря данных
C:\Users\teoru\source\repos\GraphicSimplePainter\GraphicSimplePainter\Application.cpp(379,22): warning C4805: ==: небезопасное смешение типа "char" и типа "bool" в операции
C:\Users\teoru\source\repos\GraphicSimplePainter\GraphicSimplePainter\Application.cpp(363,7): warning C4101: rw: неиспользованная локальная переменная
C:\Users\teoru\source\repos\GraphicSimplePainter\GraphicSimplePainter\Application.cpp(551,6): warning C4805: ==: небезопасное смешение типа "char" и типа "bool" в операции
C:\Users\teoru\source\repos\GraphicSimplePainter\GraphicSimplePainter\Application.cpp(605,21): warning C4805: ==: небезопасное смешение типа "char" и типа "bool" в операции
C:\Users\teoru\source\repos\GraphicSimplePainter\GraphicSimplePainter\Application.cpp(608,21): warning C4805: ==: небезопасное смешение типа "char" и типа "bool" в операции
C:\Users\teoru\source\repos\GraphicSimplePainter\GraphicSimplePainter\Application.cpp(622,6): warning C4805: ==: небезопасное смешение типа "char" и типа "bool" в операции
C:\Users\teoru\source\repos\GraphicSimplePainter\GraphicSimplePainter\Application.cpp(637,6): warning C4805: ==: небезопасное смешение типа "char" и типа "bool" в операции
C:\Users\teoru\source\repos\GraphicSimplePainter\GraphicSimplePainter\Application.cpp(651,41): warning C4805: ==: небезопасное смешение типа "char" и типа "bool" в операции
C:\Users\teoru\source\repos\GraphicSimplePainter\GraphicSimplePainter\Application.cpp(660,86): warning C4805: ==: небезопасное смешение типа "char" и типа "bool" в операции
C:\Users\teoru\source\repos\GraphicSimplePainter\GraphicSimplePainter\Application.cpp(685,24): warning C4305: инициализация: усечение из "double" в "float"
C:\Users\teoru\source\repos\GraphicSimplePainter\GraphicSimplePainter\Application.cpp(686,24): warning C4305: инициализация: усечение из "double" в "float"
C:\Users\teoru\source\repos\GraphicSimplePainter\GraphicSimplePainter\Application.cpp(701,40): warning C4244: =: преобразование "LONG" в "T", возможна потеря данных
          with
          [
              T=float
          ]
C:\Users\teoru\source\repos\GraphicSimplePainter\GraphicSimplePainter\Application.cpp(702,40): warning C4244: =: преобразование "LONG" в "T", возможна потеря данных
          with
          [
              T=float
          ]
C:\Users\teoru\source\repos\GraphicSimplePainter\GraphicSimplePainter\Application.cpp(708,37): warning C4305: =: усечение из "double" в "T"
          with
          [
              T=float
          ]
C:\Users\teoru\source\repos\GraphicSimplePainter\GraphicSimplePainter\Application.cpp(709,37): warning C4305: =: усечение из "double" в "T"
          with
          [
              T=float
          ]
C:\Users\teoru\source\repos\GraphicSimplePainter\GraphicSimplePainter\Application.cpp(712,41): warning C4305: =: усечение из "double" в "T"
          with
          [
              T=float
          ]
C:\Users\teoru\source\repos\GraphicSimplePainter\GraphicSimplePainter\Application.cpp(713,41): warning C4305: =: усечение из "double" в "T"
          with
          [
              T=float
          ]
C:\Users\teoru\source\repos\GraphicSimplePainter\GraphicSimplePainter\Application.cpp(728,30): warning C4244: =: преобразование "LONG" в "T", возможна потеря данных
          with
          [
              T=float
          ]
C:\Users\teoru\source\repos\GraphicSimplePainter\GraphicSimplePainter\Application.cpp(729,30): warning C4244: =: преобразование "LONG" в "T", возможна потеря данных
          with
          [
              T=float
          ]
C:\Users\teoru\source\repos\GraphicSimplePainter\GraphicSimplePainter\Application.cpp(735,33): warning C4244: =: преобразование "T" в "LONG", возможна потеря данных
          with
          [
              T=float
          ]
C:\Users\teoru\source\repos\GraphicSimplePainter\GraphicSimplePainter\Application.cpp(736,33): warning C4244: =: преобразование "T" в "LONG", возможна потеря данных
          with
          [
              T=float
          ]
C:\Users\teoru\source\repos\GraphicSimplePainter\GraphicSimplePainter\Application.cpp(743,30): warning C4244: =: преобразование "LONG" в "T", возможна потеря данных
          with
          [
              T=float
          ]
C:\Users\teoru\source\repos\GraphicSimplePainter\GraphicSimplePainter\Application.cpp(744,30): warning C4244: =: преобразование "LONG" в "T", возможна потеря данных
          with
          [
              T=float
          ]
C:\Users\teoru\source\repos\GraphicSimplePainter\GraphicSimplePainter\Application.cpp(750,33): warning C4244: =: преобразование "T" в "LONG", возможна потеря данных
          with
          [
              T=float
          ]
C:\Users\teoru\source\repos\GraphicSimplePainter\GraphicSimplePainter\Application.cpp(751,33): warning C4244: =: преобразование "T" в "LONG", возможна потеря данных
          with
          [
              T=float
          ]
  GraphicSimplePainter.vcxproj -> C:\Users\teoru\source\repos\GraphicSimplePainter\Debug\GraphicSimplePainter.exe
