  Line.cpp
C:\Users\teoru\source\repos\GraphicSimplePainter\GraphicSimplePainter\Line.cpp(70,11): warning C4244: инициализация: преобразование "LONG" в "float", возможна потеря данных
C:\Users\teoru\source\repos\GraphicSimplePainter\GraphicSimplePainter\Line.cpp(71,11): warning C4244: инициализация: преобразование "LONG" в "float", возможна потеря данных
C:\Users\teoru\source\repos\GraphicSimplePainter\GraphicSimplePainter\Line.cpp(116,11): warning C4244: инициализация: преобразование "LONG" в "float", возможна потеря данных
C:\Users\teoru\source\repos\GraphicSimplePainter\GraphicSimplePainter\Line.cpp(117,11): warning C4244: инициализация: преобразование "LONG" в "float", возможна потеря данных
C:\Users\teoru\source\repos\GraphicSimplePainter\GraphicSimplePainter\Line.cpp(175,24): warning C4305: инициализация: усечение из "double" в "float"
C:\Users\teoru\source\repos\GraphicSimplePainter\GraphicSimplePainter\Line.cpp(176,24): warning C4305: инициализация: усечение из "double" в "float"
C:\Users\teoru\source\repos\GraphicSimplePainter\GraphicSimplePainter\Line.cpp(200,40): warning C4244: =: преобразование "LONG" в "T", возможна потеря данных
          with
          [
              T=float
          ]
C:\Users\teoru\source\repos\GraphicSimplePainter\GraphicSimplePainter\Line.cpp(201,40): warning C4244: =: преобразование "LONG" в "T", возможна потеря данных
          with
          [
              T=float
          ]
C:\Users\teoru\source\repos\GraphicSimplePainter\GraphicSimplePainter\Line.cpp(207,37): warning C4305: =: усечение из "double" в "T"
          with
          [
              T=float
          ]
C:\Users\teoru\source\repos\GraphicSimplePainter\GraphicSimplePainter\Line.cpp(208,37): warning C4305: =: усечение из "double" в "T"
          with
          [
              T=float
          ]
C:\Users\teoru\source\repos\GraphicSimplePainter\GraphicSimplePainter\Line.cpp(211,37): warning C4305: =: усечение из "double" в "T"
          with
          [
              T=float
          ]
C:\Users\teoru\source\repos\GraphicSimplePainter\GraphicSimplePainter\Line.cpp(212,37): warning C4305: =: усечение из "double" в "T"
          with
          [
              T=float
          ]
C:\Users\teoru\source\repos\GraphicSimplePainter\GraphicSimplePainter\Line.cpp(220,19): warning C4305: =: усечение из "double" в "float"
C:\Users\teoru\source\repos\GraphicSimplePainter\GraphicSimplePainter\Line.cpp(223,20): warning C4305: =: усечение из "double" в "float"
C:\Users\teoru\source\repos\GraphicSimplePainter\GraphicSimplePainter\Line.cpp(225,23): warning C4305: =: усечение из "double" в "float"
C:\Users\teoru\source\repos\GraphicSimplePainter\GraphicSimplePainter\Line.cpp(235,30): warning C4244: =: преобразование "LONG" в "T", возможна потеря данных
          with
          [
              T=float
          ]
C:\Users\teoru\source\repos\GraphicSimplePainter\GraphicSimplePainter\Line.cpp(236,30): warning C4244: =: преобразование "LONG" в "T", возможна потеря данных
          with
          [
              T=float
          ]
C:\Users\teoru\source\repos\GraphicSimplePainter\GraphicSimplePainter\Line.cpp(242,18): warning C4244: =: преобразование "double" в "LONG", возможна потеря данных
C:\Users\teoru\source\repos\GraphicSimplePainter\GraphicSimplePainter\Line.cpp(243,18): warning C4244: =: преобразование "double" в "LONG", возможна потеря данных
C:\Users\teoru\source\repos\GraphicSimplePainter\GraphicSimplePainter\Line.cpp(250,30): warning C4244: =: преобразование "LONG" в "T", возможна потеря данных
          with
          [
              T=float
          ]
C:\Users\teoru\source\repos\GraphicSimplePainter\GraphicSimplePainter\Line.cpp(251,30): warning C4244: =: преобразование "LONG" в "T", возможна потеря данных
          with
          [
              T=float
          ]
C:\Users\teoru\source\repos\GraphicSimplePainter\GraphicSimplePainter\Line.cpp(257,18): warning C4244: =: преобразование "double" в "LONG", возможна потеря данных
C:\Users\teoru\source\repos\GraphicSimplePainter\GraphicSimplePainter\Line.cpp(258,18): warning C4244: =: преобразование "double" в "LONG", возможна потеря данных
  Создание кода
  42 of 85 functions (49.4%) were compiled, the rest were copied from previous compilation.
    1 functions were new in current compilation
    1 functions had inline decision re-evaluated but remain unchanged
  Создание кода завершено
  GraphicSimplePainter.vcxproj -> C:\Users\teoru\source\repos\GraphicSimplePainter\Release\GraphicSimplePainter.exe
